<?xml version="1.0" encoding="UTF-8"?>
<coverage generated="1722519405178" clover="3.2.0">
  <project timestamp="1722519405178" name="All files">
    <metrics statements="24" coveredstatements="18" conditionals="38" coveredconditionals="20" methods="10" coveredmethods="9" elements="72" coveredelements="47" complexity="0" loc="24" ncloc="24" packages="4" files="6" classes="6"/>
    <package name="components.atoms.Paragraph">
      <metrics statements="6" coveredstatements="6" conditionals="8" coveredconditionals="7" methods="5" coveredmethods="5"/>
      <file name="index.tsx" path="C:\Users\bcass\OneDrive\Documentos\appGol\app-gol\src\components\atoms\Paragraph\index.tsx">
        <metrics statements="1" coveredstatements="1" conditionals="0" coveredconditionals="0" methods="1" coveredmethods="1"/>
        <line num="18" count="6" type="stmt"/>
      </file>
      <file name="styles.ts" path="C:\Users\bcass\OneDrive\Documentos\appGol\app-gol\src\components\atoms\Paragraph\styles.ts">
        <metrics statements="5" coveredstatements="5" conditionals="8" coveredconditionals="7" methods="4" coveredmethods="4"/>
        <line num="6" count="2" type="stmt"/>
        <line num="8" count="6" type="cond" truecount="2" falsecount="0"/>
        <line num="9" count="6" type="cond" truecount="2" falsecount="0"/>
        <line num="10" count="6" type="cond" truecount="2" falsecount="0"/>
        <line num="11" count="6" type="cond" truecount="1" falsecount="1"/>
      </file>
    </package>
    <package name="components.molecules.ButtonOutlined">
      <metrics statements="5" coveredstatements="5" conditionals="8" coveredconditionals="8" methods="3" coveredmethods="3"/>
      <file name="index.tsx" path="C:\Users\bcass\OneDrive\Documentos\appGol\app-gol\src\components\molecules\ButtonOutlined\index.tsx">
        <metrics statements="1" coveredstatements="1" conditionals="4" coveredconditionals="4" methods="1" coveredmethods="1"/>
        <line num="21" count="3" type="stmt"/>
      </file>
      <file name="styles.ts" path="C:\Users\bcass\OneDrive\Documentos\appGol\app-gol\src\components\molecules\ButtonOutlined\styles.ts">
        <metrics statements="4" coveredstatements="4" conditionals="4" coveredconditionals="4" methods="2" coveredmethods="2"/>
        <line num="12" count="1" type="stmt"/>
        <line num="13" count="3" type="cond" truecount="2" falsecount="0"/>
        <line num="21" count="3" type="cond" truecount="2" falsecount="0"/>
        <line num="27" count="1" type="stmt"/>
      </file>
    </package>
    <package name="theme">
      <metrics statements="1" coveredstatements="1" conditionals="0" coveredconditionals="0" methods="0" coveredmethods="0"/>
      <file name="default.theme.ts" path="C:\Users\bcass\OneDrive\Documentos\appGol\app-gol\src\theme\default.theme.ts">
        <metrics statements="1" coveredstatements="1" conditionals="0" coveredconditionals="0" methods="0" coveredmethods="0"/>
        <line num="1" count="2" type="stmt"/>
      </file>
    </package>
    <package name="utils">
      <metrics statements="12" coveredstatements="6" conditionals="22" coveredconditionals="5" methods="2" coveredmethods="1"/>
      <file name="normalize.ts" path="C:\Users\bcass\OneDrive\Documentos\appGol\app-gol\src\utils\normalize.ts">
        <metrics statements="12" coveredstatements="6" conditionals="22" coveredconditionals="5" methods="2" coveredmethods="1"/>
        <line num="4" count="0" type="stmt"/>
        <line num="5" count="0" type="cond" truecount="0" falsecount="2"/>
        <line num="7" count="0" type="cond" truecount="0" falsecount="4"/>
        <line num="10" count="0" type="cond" truecount="0" falsecount="2"/>
        <line num="14" count="0" type="stmt"/>
        <line num="15" count="0" type="stmt"/>
        <line num="20" count="7" type="stmt"/>
        <line num="21" count="7" type="cond" truecount="1" falsecount="1"/>
        <line num="23" count="7" type="cond" truecount="2" falsecount="2"/>
        <line num="26" count="7" type="cond" truecount="1" falsecount="1"/>
        <line num="30" count="7" type="stmt"/>
        <line num="31" count="7" type="stmt"/>
      </file>
    </package>
  </project>
</coverage>
