{"C:\\Users\\bcass\\OneDrive\\Documentos\\appGol\\app-gol\\src\\components\\atoms\\Paragraph\\index.tsx": {"path":"C:\\Users\\bcass\\OneDrive\\Documentos\\appGol\\app-gol\\src\\components\\atoms\\Paragraph\\index.tsx","statementMap":{"0":{"start":{"line":18,"column":2},"end":{"line":18,"column":53}}},"fnMap":{"0":{"name":"Paragraph","decl":{"start":{"line":17,"column":16},"end":{"line":17,"column":25}},"loc":{"start":{"line":17,"column":78},"end":{"line":19,"column":1}},"line":17}},"branchMap":{},"s":{"0":6},"f":{"0":6},"b":{},"_coverageSchema":"1a1c01bbd47fc00a2c39e90264f33305004495a9","hash":"31cd448d22bbf47158c3124bd1b121d20e2a9240"}
,"C:\\Users\\bcass\\OneDrive\\Documentos\\appGol\\app-gol\\src\\components\\atoms\\Paragraph\\styles.ts": {"path":"C:\\Users\\bcass\\OneDrive\\Documentos\\appGol\\app-gol\\src\\components\\atoms\\Paragraph\\styles.ts","statementMap":{"0":{"start":{"line":6,"column":25},"end":{"line":12,"column":1}},"1":{"start":{"line":8,"column":26},"end":{"line":8,"column":65}},"2":{"start":{"line":9,"column":24},"end":{"line":9,"column":67}},"3":{"start":{"line":10,"column":20},"end":{"line":10,"column":64}},"4":{"start":{"line":11,"column":13},"end":{"line":11,"column":64}}},"fnMap":{"0":{"name":"(anonymous_0)","decl":{"start":{"line":8,"column":17},"end":{"line":8,"column":18}},"loc":{"start":{"line":8,"column":26},"end":{"line":8,"column":65}},"line":8},"1":{"name":"(anonymous_1)","decl":{"start":{"line":9,"column":15},"end":{"line":9,"column":16}},"loc":{"start":{"line":9,"column":24},"end":{"line":9,"column":67}},"line":9},"2":{"name":"(anonymous_2)","decl":{"start":{"line":10,"column":11},"end":{"line":10,"column":12}},"loc":{"start":{"line":10,"column":20},"end":{"line":10,"column":64}},"line":10},"3":{"name":"(anonymous_3)","decl":{"start":{"line":11,"column":4},"end":{"line":11,"column":5}},"loc":{"start":{"line":11,"column":13},"end":{"line":11,"column":64}},"line":11}},"branchMap":{"0":{"loc":{"start":{"line":8,"column":26},"end":{"line":8,"column":65}},"type":"binary-expr","locations":[{"start":{"line":8,"column":26},"end":{"line":8,"column":42}},{"start":{"line":8,"column":46},"end":{"line":8,"column":65}}],"line":8},"1":{"loc":{"start":{"line":9,"column":32},"end":{"line":9,"column":66}},"type":"binary-expr","locations":[{"start":{"line":9,"column":32},"end":{"line":9,"column":42}},{"start":{"line":9,"column":46},"end":{"line":9,"column":66}}],"line":9},"2":{"loc":{"start":{"line":10,"column":20},"end":{"line":10,"column":64}},"type":"binary-expr","locations":[{"start":{"line":10,"column":20},"end":{"line":10,"column":31}},{"start":{"line":10,"column":35},"end":{"line":10,"column":64}}],"line":10},"3":{"loc":{"start":{"line":11,"column":13},"end":{"line":11,"column":64}},"type":"binary-expr","locations":[{"start":{"line":11,"column":13},"end":{"line":11,"column":28}},{"start":{"line":11,"column":32},"end":{"line":11,"column":64}}],"line":11}},"s":{"0":2,"1":6,"2":6,"3":6,"4":6},"f":{"0":6,"1":6,"2":6,"3":6},"b":{"0":[6,2],"1":[6,2],"2":[6,2],"3":[6,0]},"_coverageSchema":"1a1c01bbd47fc00a2c39e90264f33305004495a9","hash":"98a0dae10e9e36181fb33cca8f15a462b521877b"}
,"C:\\Users\\bcass\\OneDrive\\Documentos\\appGol\\app-gol\\src\\components\\molecules\\ButtonOutlined\\index.tsx": {"path":"C:\\Users\\bcass\\OneDrive\\Documentos\\appGol\\app-gol\\src\\components\\molecules\\ButtonOutlined\\index.tsx","statementMap":{"0":{"start":{"line":21,"column":2},"end":{"line":39,"column":4}}},"fnMap":{"0":{"name":"ButtonOutlined","decl":{"start":{"line":13,"column":24},"end":{"line":13,"column":38}},"loc":{"start":{"line":20,"column":29},"end":{"line":40,"column":1}},"line":20}},"branchMap":{"0":{"loc":{"start":{"line":24,"column":16},"end":{"line":24,"column":35}},"type":"binary-expr","locations":[{"start":{"line":24,"column":16},"end":{"line":24,"column":24}},{"start":{"line":24,"column":28},"end":{"line":24,"column":35}}],"line":24},"1":{"loc":{"start":{"line":29,"column":7},"end":{"line":37,"column":7}},"type":"cond-expr","locations":[{"start":{"line":30,"column":8},"end":{"line":34,"column":10}},{"start":{"line":36,"column":8},"end":{"line":36,"column":43}}],"line":29}},"s":{"0":3},"f":{"0":3},"b":{"0":[3,2],"1":[1,2]},"_coverageSchema":"1a1c01bbd47fc00a2c39e90264f33305004495a9","hash":"486a18a78a4da6aea1fce6ccb6024c9c76d9019a"}
,"C:\\Users\\bcass\\OneDrive\\Documentos\\appGol\\app-gol\\src\\components\\molecules\\ButtonOutlined\\styles.ts": {"path":"C:\\Users\\bcass\\OneDrive\\Documentos\\appGol\\app-gol\\src\\components\\molecules\\ButtonOutlined\\styles.ts","statementMap":{"0":{"start":{"line":12,"column":25},"end":{"line":25,"column":1}},"1":{"start":{"line":13,"column":20},"end":{"line":13,"column":53}},"2":{"start":{"line":21,"column":4},"end":{"line":24,"column":5}},"3":{"start":{"line":27,"column":26},"end":{"line":32,"column":1}}},"fnMap":{"0":{"name":"(anonymous_0)","decl":{"start":{"line":13,"column":11},"end":{"line":13,"column":12}},"loc":{"start":{"line":13,"column":20},"end":{"line":13,"column":53}},"line":13},"1":{"name":"(anonymous_1)","decl":{"start":{"line":20,"column":4},"end":{"line":20,"column":5}},"loc":{"start":{"line":21,"column":4},"end":{"line":24,"column":5}},"line":21}},"branchMap":{"0":{"loc":{"start":{"line":13,"column":20},"end":{"line":13,"column":53}},"type":"binary-expr","locations":[{"start":{"line":13,"column":20},"end":{"line":13,"column":31}},{"start":{"line":13,"column":35},"end":{"line":13,"column":53}}],"line":13},"1":{"loc":{"start":{"line":21,"column":4},"end":{"line":24,"column":5}},"type":"binary-expr","locations":[{"start":{"line":21,"column":4},"end":{"line":21,"column":12}},{"start":{"line":22,"column":4},"end":{"line":24,"column":5}}],"line":21}},"s":{"0":1,"1":3,"2":3,"3":1},"f":{"0":3,"1":3},"b":{"0":[3,3],"1":[3,2]},"_coverageSchema":"1a1c01bbd47fc00a2c39e90264f33305004495a9","hash":"d55f75c98f8177e7414358327b26e144c750aaee"}
,"C:\\Users\\bcass\\OneDrive\\Documentos\\appGol\\app-gol\\src\\theme\\default.theme.ts": {"path":"C:\\Users\\bcass\\OneDrive\\Documentos\\appGol\\app-gol\\src\\theme\\default.theme.ts","statementMap":{"0":{"start":{"line":1,"column":21},"end":{"line":74,"column":1}}},"fnMap":{},"branchMap":{},"s":{"0":2},"f":{},"b":{},"_coverageSchema":"1a1c01bbd47fc00a2c39e90264f33305004495a9","hash":"a3743c2d87c3769133c26fc7801c87e8053898c5"}
,"C:\\Users\\bcass\\OneDrive\\Documentos\\appGol\\app-gol\\src\\utils\\normalize.ts": {"path":"C:\\Users\\bcass\\OneDrive\\Documentos\\appGol\\app-gol\\src\\utils\\normalize.ts","statementMap":{"0":{"start":{"line":4,"column":28},"end":{"line":4,"column":52}},"1":{"start":{"line":5,"column":25},"end":{"line":5,"column":56}},"2":{"start":{"line":7,"column":4},"end":{"line":7,"column":77}},"3":{"start":{"line":10,"column":4},"end":{"line":12,"column":22}},"4":{"start":{"line":14,"column":24},"end":{"line":14,"column":54}},"5":{"start":{"line":15,"column":2},"end":{"line":15,"column":35}},"6":{"start":{"line":20,"column":28},"end":{"line":20,"column":52}},"7":{"start":{"line":21,"column":25},"end":{"line":21,"column":56}},"8":{"start":{"line":23,"column":4},"end":{"line":23,"column":77}},"9":{"start":{"line":26,"column":4},"end":{"line":28,"column":22}},"10":{"start":{"line":30,"column":24},"end":{"line":30,"column":72}},"11":{"start":{"line":31,"column":2},"end":{"line":31,"column":35}}},"fnMap":{"0":{"name":"RFPercentage","decl":{"start":{"line":3,"column":16},"end":{"line":3,"column":28}},"loc":{"start":{"line":3,"column":46},"end":{"line":16,"column":1}},"line":3},"1":{"name":"RFValue","decl":{"start":{"line":19,"column":16},"end":{"line":19,"column":23}},"loc":{"start":{"line":19,"column":75},"end":{"line":32,"column":1}},"line":19}},"branchMap":{"0":{"loc":{"start":{"line":5,"column":25},"end":{"line":5,"column":56}},"type":"cond-expr","locations":[{"start":{"line":5,"column":42},"end":{"line":5,"column":47}},{"start":{"line":5,"column":50},"end":{"line":5,"column":56}}],"line":5},"1":{"loc":{"start":{"line":7,"column":4},"end":{"line":7,"column":77}},"type":"cond-expr","locations":[{"start":{"line":7,"column":21},"end":{"line":7,"column":22}},{"start":{"line":7,"column":25},"end":{"line":7,"column":77}}],"line":7},"2":{"loc":{"start":{"line":7,"column":25},"end":{"line":7,"column":77}},"type":"cond-expr","locations":[{"start":{"line":7,"column":49},"end":{"line":7,"column":51}},{"start":{"line":7,"column":54},"end":{"line":7,"column":77}}],"line":7},"3":{"loc":{"start":{"line":10,"column":4},"end":{"line":12,"column":22}},"type":"cond-expr","locations":[{"start":{"line":11,"column":8},"end":{"line":11,"column":39}},{"start":{"line":12,"column":8},"end":{"line":12,"column":22}}],"line":10},"4":{"loc":{"start":{"line":11,"column":26},"end":{"line":11,"column":38}},"type":"binary-expr","locations":[{"start":{"line":11,"column":26},"end":{"line":11,"column":32}},{"start":{"line":11,"column":36},"end":{"line":11,"column":38}}],"line":11},"5":{"loc":{"start":{"line":19,"column":24},"end":{"line":19,"column":45}},"type":"default-arg","locations":[{"start":{"line":19,"column":43},"end":{"line":19,"column":45}}],"line":19},"6":{"loc":{"start":{"line":19,"column":47},"end":{"line":19,"column":73}},"type":"default-arg","locations":[{"start":{"line":19,"column":70},"end":{"line":19,"column":73}}],"line":19},"7":{"loc":{"start":{"line":21,"column":25},"end":{"line":21,"column":56}},"type":"cond-expr","locations":[{"start":{"line":21,"column":42},"end":{"line":21,"column":47}},{"start":{"line":21,"column":50},"end":{"line":21,"column":56}}],"line":21},"8":{"loc":{"start":{"line":23,"column":4},"end":{"line":23,"column":77}},"type":"cond-expr","locations":[{"start":{"line":23,"column":21},"end":{"line":23,"column":22}},{"start":{"line":23,"column":25},"end":{"line":23,"column":77}}],"line":23},"9":{"loc":{"start":{"line":23,"column":25},"end":{"line":23,"column":77}},"type":"cond-expr","locations":[{"start":{"line":23,"column":49},"end":{"line":23,"column":51}},{"start":{"line":23,"column":54},"end":{"line":23,"column":77}}],"line":23},"10":{"loc":{"start":{"line":26,"column":4},"end":{"line":28,"column":22}},"type":"cond-expr","locations":[{"start":{"line":27,"column":8},"end":{"line":27,"column":39}},{"start":{"line":28,"column":8},"end":{"line":28,"column":22}}],"line":26},"11":{"loc":{"start":{"line":27,"column":26},"end":{"line":27,"column":38}},"type":"binary-expr","locations":[{"start":{"line":27,"column":26},"end":{"line":27,"column":32}},{"start":{"line":27,"column":36},"end":{"line":27,"column":38}}],"line":27}},"s":{"0":0,"1":0,"2":0,"3":0,"4":0,"5":0,"6":7,"7":7,"8":7,"9":7,"10":7,"11":7},"f":{"0":0,"1":7},"b":{"0":[0,0],"1":[0,0],"2":[0,0],"3":[0,0],"4":[0,0],"5":[0],"6":[7],"7":[0,7],"8":[0,7],"9":[7,0],"10":[0,7],"11":[0,0]},"_coverageSchema":"1a1c01bbd47fc00a2c39e90264f33305004495a9","hash":"df0cea5a3246186fba19b781f601f07f52611562"}
}
