TN:
SF:src\components\atoms\Paragraph\index.tsx
FN:17,Paragraph
FNF:1
FNH:1
FNDA:6,Paragraph
DA:18,6
LF:1
LH:1
BRF:0
BRH:0
end_of_record
TN:
SF:src\components\atoms\Paragraph\styles.ts
FN:8,(anonymous_0)
FN:9,(anonymous_1)
FN:10,(anonymous_2)
FN:11,(anonymous_3)
FNF:4
FNH:4
FNDA:6,(anonymous_0)
FNDA:6,(anonymous_1)
FNDA:6,(anonymous_2)
FNDA:6,(anonymous_3)
DA:6,2
DA:8,6
DA:9,6
DA:10,6
DA:11,6
LF:5
LH:5
BRDA:8,0,0,6
BRDA:8,0,1,2
BRDA:9,1,0,6
BRDA:9,1,1,2
BRDA:10,2,0,6
BRDA:10,2,1,2
BRDA:11,3,0,6
BRDA:11,3,1,0
BRF:8
BRH:7
end_of_record
TN:
SF:src\components\molecules\ButtonOutlined\index.tsx
FN:13,ButtonOutlined
FNF:1
FNH:1
FNDA:3,ButtonOutlined
DA:21,3
LF:1
LH:1
BRDA:24,0,0,3
BRDA:24,0,1,2
BRDA:29,1,0,1
BRDA:29,1,1,2
BRF:4
BRH:4
end_of_record
TN:
SF:src\components\molecules\ButtonOutlined\styles.ts
FN:13,(anonymous_0)
FN:20,(anonymous_1)
FNF:2
FNH:2
FNDA:3,(anonymous_0)
FNDA:3,(anonymous_1)
DA:12,1
DA:13,3
DA:21,3
DA:27,1
LF:4
LH:4
BRDA:13,0,0,3
BRDA:13,0,1,3
BRDA:21,1,0,3
BRDA:21,1,1,2
BRF:4
BRH:4
end_of_record
TN:
SF:src\theme\default.theme.ts
FNF:0
FNH:0
DA:1,2
LF:1
LH:1
BRF:0
BRH:0
end_of_record
TN:
SF:src\utils\normalize.ts
FN:3,RFPercentage
FN:19,RFValue
FNF:2
FNH:1
FNDA:0,RFPercentage
FNDA:7,RFValue
DA:4,0
DA:5,0
DA:7,0
DA:10,0
DA:14,0
DA:15,0
DA:20,7
DA:21,7
DA:23,7
DA:26,7
DA:30,7
DA:31,7
LF:12
LH:6
BRDA:5,0,0,0
BRDA:5,0,1,0
BRDA:7,1,0,0
BRDA:7,1,1,0
BRDA:7,2,0,0
BRDA:7,2,1,0
BRDA:10,3,0,0
BRDA:10,3,1,0
BRDA:11,4,0,0
BRDA:11,4,1,0
BRDA:19,5,0,0
BRDA:19,6,0,7
BRDA:21,7,0,0
BRDA:21,7,1,7
BRDA:23,8,0,0
BRDA:23,8,1,7
BRDA:23,9,0,7
BRDA:23,9,1,0
BRDA:26,10,0,0
BRDA:26,10,1,7
BRDA:27,11,0,0
BRDA:27,11,1,0
BRF:22
BRH:5
end_of_record
